                      :-) GROMACS - gmx mdrun, 2020.2 (-:

                            GROMACS is written by:
     Emile Apol      Rossen Apostolov      Paul Bauer     Herman J.C. Berendsen
    Par Bjelkmar      Christian Blau   Viacheslav Bolnykh     Kevin Boyd    
 Aldert van Buuren   Rudi van Drunen     Anton Feenstra       Alan Gray     
  Gerrit Groenhof     Anca Hamuraru    Vincent Hindriksen  M. Eric Irrgang  
  Aleksei Iupinov   Christoph Junghans     Joe Jordan     Dimitrios Karkoulis
    Peter Kasson        Jiri Kraus      Carsten Kutzner      Per Larsson    
  Justin A. Lemkul    Viveca Lindahl    Magnus Lundborg     Erik Marklund   
    Pascal Merz     Pieter Meulenhoff    Teemu Murtola       Szilard Pall   
    Sander Pronk      Roland Schulz      Michael Shirts    Alexey Shvetsov  
   Alfons Sijbers     Peter Tieleman      Jon Vincent      Teemu Virolainen 
 Christian Wennberg    Maarten Wolf      Artem Zhmurov   
                           and the project leaders:
        Mark Abraham, Berk Hess, Erik Lindahl, and David van der Spoel

Copyright (c) 1991-2000, University of Groningen, The Netherlands.
Copyright (c) 2001-2019, The GROMACS development team at
Uppsala University, Stockholm University and
the Royal Institute of Technology, Sweden.
check out http://www.gromacs.org for more information.

GROMACS is free software; you can redistribute it and/or modify it
under the terms of the GNU Lesser General Public License
as published by the Free Software Foundation; either version 2.1
of the License, or (at your option) any later version.

GROMACS:      gmx mdrun, version 2020.2
Executable:   /home/owen/bin/gmx-2020_2/bin/gmx
Data prefix:  /home/owen/bin/gmx-2020_2
Working dir:  /home/owen/Documents/scripts/cg2at/tutorials/lspa_tutorial/CG2AT_2020-09-09_12-18-04/PROTEIN/MIN
Process ID:   23147
Command line:
  gmx mdrun -v -nt 1 -deffnm PROTEIN_aligned_0 -c PROTEIN_aligned_0.pdb

GROMACS version:    2020.2
Verified release checksum is 3f718d436b1ac2d44ce97164df8a13322fc143498ba44eccfd567e20d8aaea1d
Precision:          single
Memory model:       64 bit
MPI library:        thread_mpi
OpenMP support:     enabled (GMX_OPENMP_MAX_THREADS = 64)
GPU support:        CUDA
SIMD instructions:  AVX2_256
FFT library:        fftw-3.3.8-sse2-avx-avx2-avx2_128
RDTSCP usage:       enabled
TNG support:        enabled
Hwloc support:      disabled
Tracing support:    disabled
C compiler:         /usr/bin/cc GNU 7.5.0
C compiler flags:   -mavx2 -mfma -fexcess-precision=fast -funroll-all-loops -fopenmp -O3 -DNDEBUG
C++ compiler:       /usr/bin/c++ GNU 7.5.0
C++ compiler flags: -mavx2 -mfma -fexcess-precision=fast -funroll-all-loops -fopenmp -O3 -DNDEBUG
CUDA compiler:      /usr/local/cuda/bin/nvcc nvcc: NVIDIA (R) Cuda compiler driver;Copyright (c) 2005-2019 NVIDIA Corporation;Built on Sun_Jul_28_19:07:16_PDT_2019;Cuda compilation tools, release 10.1, V10.1.243
CUDA compiler flags:-std=c++14;-gencode;arch=compute_30,code=sm_30;-gencode;arch=compute_35,code=sm_35;-gencode;arch=compute_37,code=sm_37;-gencode;arch=compute_50,code=sm_50;-gencode;arch=compute_52,code=sm_52;-gencode;arch=compute_60,code=sm_60;-gencode;arch=compute_61,code=sm_61;-gencode;arch=compute_70,code=sm_70;-gencode;arch=compute_35,code=compute_35;-gencode;arch=compute_50,code=compute_50;-gencode;arch=compute_52,code=compute_52;-gencode;arch=compute_60,code=compute_60;-gencode;arch=compute_61,code=compute_61;-gencode;arch=compute_70,code=compute_70;-gencode;arch=compute_75,code=compute_75;-use_fast_math;-D_FORCE_INLINES;-mavx2 -mfma -fexcess-precision=fast -funroll-all-loops -fopenmp -O3 -DNDEBUG
CUDA driver:        10.20
CUDA runtime:       10.10


Running on 1 node with total 6 cores, 12 logical cores, 1 compatible GPU
Hardware detected:
  CPU info:
    Vendor: Intel
    Brand:  Intel(R) Core(TM) i7-6800K CPU @ 3.40GHz
    Family: 6   Model: 79   Stepping: 1
    Features: aes apic avx avx2 clfsh cmov cx8 cx16 f16c fma hle htt intel lahf mmx msr nonstop_tsc pcid pclmuldq pdcm pdpe1gb popcnt pse rdrnd rdtscp rtm sse2 sse3 sse4.1 sse4.2 ssse3 tdt x2apic
  Hardware topology: Basic
    Sockets, cores, and logical processors:
      Socket  0: [   0   6] [   1   7] [   2   8] [   3   9] [   4  10] [   5  11]
  GPU info:
    Number of GPUs detected: 1
    #0: NVIDIA GeForce GTX 1080, compute cap.: 6.1, ECC:  no, stat: compatible


++++ PLEASE READ AND CITE THE FOLLOWING REFERENCE ++++
M. J. Abraham, T. Murtola, R. Schulz, S. Páll, J. C. Smith, B. Hess, E.
Lindahl
GROMACS: High performance molecular simulations through multi-level
parallelism from laptops to supercomputers
SoftwareX 1 (2015) pp. 19-25
-------- -------- --- Thank You --- -------- --------


++++ PLEASE READ AND CITE THE FOLLOWING REFERENCE ++++
S. Páll, M. J. Abraham, C. Kutzner, B. Hess, E. Lindahl
Tackling Exascale Software Challenges in Molecular Dynamics Simulations with
GROMACS
In S. Markidis & E. Laure (Eds.), Solving Software Challenges for Exascale 8759 (2015) pp. 3-27
-------- -------- --- Thank You --- -------- --------


++++ PLEASE READ AND CITE THE FOLLOWING REFERENCE ++++
S. Pronk, S. Páll, R. Schulz, P. Larsson, P. Bjelkmar, R. Apostolov, M. R.
Shirts, J. C. Smith, P. M. Kasson, D. van der Spoel, B. Hess, and E. Lindahl
GROMACS 4.5: a high-throughput and highly parallel open source molecular
simulation toolkit
Bioinformatics 29 (2013) pp. 845-54
-------- -------- --- Thank You --- -------- --------


++++ PLEASE READ AND CITE THE FOLLOWING REFERENCE ++++
B. Hess and C. Kutzner and D. van der Spoel and E. Lindahl
GROMACS 4: Algorithms for highly efficient, load-balanced, and scalable
molecular simulation
J. Chem. Theory Comput. 4 (2008) pp. 435-447
-------- -------- --- Thank You --- -------- --------


++++ PLEASE READ AND CITE THE FOLLOWING REFERENCE ++++
D. van der Spoel, E. Lindahl, B. Hess, G. Groenhof, A. E. Mark and H. J. C.
Berendsen
GROMACS: Fast, Flexible and Free
J. Comp. Chem. 26 (2005) pp. 1701-1719
-------- -------- --- Thank You --- -------- --------


++++ PLEASE READ AND CITE THE FOLLOWING REFERENCE ++++
E. Lindahl and B. Hess and D. van der Spoel
GROMACS 3.0: A package for molecular simulation and trajectory analysis
J. Mol. Mod. 7 (2001) pp. 306-317
-------- -------- --- Thank You --- -------- --------


++++ PLEASE READ AND CITE THE FOLLOWING REFERENCE ++++
H. J. C. Berendsen, D. van der Spoel and R. van Drunen
GROMACS: A message-passing parallel molecular dynamics implementation
Comp. Phys. Comm. 91 (1995) pp. 43-56
-------- -------- --- Thank You --- -------- --------


++++ PLEASE CITE THE DOI FOR THIS VERSION OF GROMACS ++++
https://doi.org/10.5281/zenodo.3773801
-------- -------- --- Thank You --- -------- --------

Input Parameters:
   integrator                     = steep
   tinit                          = 0
   dt                             = 0.001
   nsteps                         = 20000
   init-step                      = 0
   simulation-part                = 1
   comm-mode                      = Linear
   nstcomm                        = 100
   bd-fric                        = 0
   ld-seed                        = -1929819724
   emtol                          = 750
   emstep                         = 0.001
   niter                          = 20
   fcstep                         = 0
   nstcgsteep                     = 1000
   nbfgscorr                      = 10
   rtpi                           = 0.05
   nstxout                        = 0
   nstvout                        = 0
   nstfout                        = 0
   nstlog                         = 1000
   nstcalcenergy                  = 100
   nstenergy                      = 1000
   nstxout-compressed             = 0
   compressed-x-precision         = 1000
   cutoff-scheme                  = Verlet
   nstlist                        = 10
   pbc                            = xyz
   periodic-molecules             = false
   verlet-buffer-tolerance        = 0.005
   rlist                          = 1.05
   coulombtype                    = Cut-off
   coulomb-modifier               = Potential-shift
   rcoulomb-switch                = 0
   rcoulomb                       = 1
   epsilon-r                      = 1
   epsilon-rf                     = inf
   vdw-type                       = Cut-off
   vdw-modifier                   = Potential-shift
   rvdw-switch                    = 0
   rvdw                           = 1
   DispCorr                       = No
   table-extension                = 1
   fourierspacing                 = 0.12
   fourier-nx                     = 0
   fourier-ny                     = 0
   fourier-nz                     = 0
   pme-order                      = 4
   ewald-rtol                     = 1e-05
   ewald-rtol-lj                  = 0.001
   lj-pme-comb-rule               = Geometric
   ewald-geometry                 = 0
   epsilon-surface                = 0
   tcoupl                         = No
   nsttcouple                     = -1
   nh-chain-length                = 0
   print-nose-hoover-chain-variables = false
   pcoupl                         = No
   pcoupltype                     = Isotropic
   nstpcouple                     = -1
   tau-p                          = 1
   compressibility (3x3):
      compressibility[    0]={ 0.00000e+00,  0.00000e+00,  0.00000e+00}
      compressibility[    1]={ 0.00000e+00,  0.00000e+00,  0.00000e+00}
      compressibility[    2]={ 0.00000e+00,  0.00000e+00,  0.00000e+00}
   ref-p (3x3):
      ref-p[    0]={ 0.00000e+00,  0.00000e+00,  0.00000e+00}
      ref-p[    1]={ 0.00000e+00,  0.00000e+00,  0.00000e+00}
      ref-p[    2]={ 0.00000e+00,  0.00000e+00,  0.00000e+00}
   refcoord-scaling               = No
   posres-com (3):
      posres-com[0]= 0.00000e+00
      posres-com[1]= 0.00000e+00
      posres-com[2]= 0.00000e+00
   posres-comB (3):
      posres-comB[0]= 0.00000e+00
      posres-comB[1]= 0.00000e+00
      posres-comB[2]= 0.00000e+00
   QMMM                           = false
   QMconstraints                  = 0
   QMMMscheme                     = 0
   MMChargeScaleFactor            = 1
qm-opts:
   ngQM                           = 0
   constraint-algorithm           = Lincs
   continuation                   = false
   Shake-SOR                      = false
   shake-tol                      = 0.0001
   lincs-order                    = 4
   lincs-iter                     = 1
   lincs-warnangle                = 30
   nwall                          = 0
   wall-type                      = 9-3
   wall-r-linpot                  = -1
   wall-atomtype[0]               = -1
   wall-atomtype[1]               = -1
   wall-density[0]                = 0
   wall-density[1]                = 0
   wall-ewald-zfac                = 3
   pull                           = false
   awh                            = false
   rotation                       = false
   interactiveMD                  = false
   disre                          = No
   disre-weighting                = Conservative
   disre-mixed                    = false
   dr-fc                          = 1000
   dr-tau                         = 0
   nstdisreout                    = 100
   orire-fc                       = 0
   orire-tau                      = 0
   nstorireout                    = 100
   free-energy                    = no
   cos-acceleration               = 0
   deform (3x3):
      deform[    0]={ 0.00000e+00,  0.00000e+00,  0.00000e+00}
      deform[    1]={ 0.00000e+00,  0.00000e+00,  0.00000e+00}
      deform[    2]={ 0.00000e+00,  0.00000e+00,  0.00000e+00}
   simulated-tempering            = false
   swapcoords                     = no
   userint1                       = 0
   userint2                       = 0
   userint3                       = 0
   userint4                       = 0
   userreal1                      = 0
   userreal2                      = 0
   userreal3                      = 0
   userreal4                      = 0
   applied-forces:
     electric-field:
       x:
         E0                       = 0
         omega                    = 0
         t0                       = 0
         sigma                    = 0
       y:
         E0                       = 0
         omega                    = 0
         t0                       = 0
         sigma                    = 0
       z:
         E0                       = 0
         omega                    = 0
         t0                       = 0
         sigma                    = 0
     density-guided-simulation:
       active                     = false
       group                      = protein
       similarity-measure         = inner-product
       atom-spreading-weight      = unity
       force-constant             = 1e+09
       gaussian-transform-spreading-width = 0.2
       gaussian-transform-spreading-range-in-multiples-of-width = 4
       reference-density-filename = reference.mrc
       nst                        = 1
       normalize-densities        = true
       adaptive-force-scaling     = false
       adaptive-force-scaling-time-constant = 4
grpopts:
   nrdf:        7548
   ref-t:           0
   tau-t:           0
annealing:          No
annealing-npoints:           0
   acc:	           0           0           0
   nfreeze:           N           N           N
   energygrp-flags[  0]: 0

1 GPU selected for this run.
Mapping of GPU IDs to the 1 GPU task in the 1 rank on this node:
  PP:0
PP tasks will do (non-perturbed) short-ranged interactions on the GPU
PP task will update and constrain coordinates on the CPU
Using 1 MPI thread

Non-default thread affinity set, disabling internal thread affinity

Using 1 OpenMP thread 

System total charge: -1.000
Potential shift: LJ r^-12: -1.000e+00 r^-6: -1.000e+00, Coulomb -1e+00
Generated table with 1025 data points for 1-4 COUL.
Tabscale = 500 points/nm
Generated table with 1025 data points for 1-4 LJ6.
Tabscale = 500 points/nm
Generated table with 1025 data points for 1-4 LJ12.
Tabscale = 500 points/nm

Using GPU 8x8 nonbonded short-range kernels

Using a 8x8 pair-list setup:
  updated every 10 steps, buffer 0.050 nm, rlist 1.050 nm

Using full Lennard-Jones parameter combination matrix

Removing pbc first time

Note that activating steepest-descent energy minimization via the integrator .mdp option and the command gmx mdrun may be available in a different form in a future version of GROMACS, e.g. gmx minimize and an .mdp option.
Initiating Steepest Descents
Started Steepest Descents on rank 0 Wed Sep  9 13:18:17 2020


Steepest Descents:
   Tolerance (Fmax)   =  7.50000e+02
   Number of steps    =        20000
           Step           Time
              0        0.00000

   Energies (kJ/mol)
           Bond            U-B    Proper Dih.  Improper Dih.      CMAP Dih.
    3.18311e+04    7.30981e+03    5.66754e+03    8.65156e+02   -1.23295e+02
          LJ-14     Coulomb-14        LJ (SR)   Coulomb (SR)      Potential
    2.84398e+03    3.16569e+04   -3.96752e+03   -4.09267e+04    3.51570e+04
 Pressure (bar)
    6.50753e+02

           Step           Time
              1        1.00000

   Energies (kJ/mol)
           Bond            U-B    Proper Dih.  Improper Dih.      CMAP Dih.
    3.03564e+04    7.19383e+03    5.66473e+03    8.33119e+02   -1.26201e+02
          LJ-14     Coulomb-14        LJ (SR)   Coulomb (SR)      Potential
    2.84621e+03    3.16502e+04   -3.95675e+03   -4.09117e+04    3.35497e+04
 Pressure (bar)
    6.56464e+02

           Step           Time
              2        2.00000

   Energies (kJ/mol)
           Bond            U-B    Proper Dih.  Improper Dih.      CMAP Dih.
    2.86559e+04    7.06225e+03    5.66145e+03    7.97036e+02   -1.29554e+02
          LJ-14     Coulomb-14        LJ (SR)   Coulomb (SR)      Potential
    2.84888e+03    3.16423e+04   -3.94357e+03   -4.08944e+04    3.17003e+04
 Pressure (bar)
    6.62846e+02

           Step           Time
              3        3.00000

   Energies (kJ/mol)
           Bond            U-B    Proper Dih.  Improper Dih.      CMAP Dih.
    2.67166e+04    6.91492e+03    5.65770e+03    7.56882e+02   -1.33386e+02
          LJ-14     Coulomb-14        LJ (SR)   Coulomb (SR)      Potential
    2.85207e+03    3.16331e+04   -3.92749e+03   -4.08745e+04    2.95960e+04
 Pressure (bar)
    6.68759e+02

           Step           Time
              4        4.00000

   Energies (kJ/mol)
           Bond            U-B    Proper Dih.  Improper Dih.      CMAP Dih.
    2.45371e+04    6.75257e+03    5.65342e+03    7.12859e+02   -1.37708e+02
          LJ-14     Coulomb-14        LJ (SR)   Coulomb (SR)      Potential
    2.85586e+03    3.16227e+04   -3.90794e+03   -4.08517e+04    2.72372e+04
 Pressure (bar)
    6.75027e+02

           Step           Time
              5        5.00000

   Energies (kJ/mol)
           Bond            U-B    Proper Dih.  Improper Dih.      CMAP Dih.
    2.21328e+04    6.57704e+03    5.64862e+03    6.65424e+02   -1.42501e+02
          LJ-14     Coulomb-14        LJ (SR)   Coulomb (SR)      Potential
    2.86022e+03    3.16109e+04   -3.88438e+03   -4.08264e+04    2.46418e+04
 Pressure (bar)
    6.80514e+02

           Step           Time
              6        6.00000

   Energies (kJ/mol)
           Bond            U-B    Proper Dih.  Improper Dih.      CMAP Dih.
    1.95426e+04    6.39119e+03    5.64329e+03    6.15322e+02   -1.47707e+02
          LJ-14     Coulomb-14        LJ (SR)   Coulomb (SR)      Potential
    2.86510e+03    3.15980e+04   -3.85639e+03   -4.07989e+04    2.18524e+04
 Pressure (bar)
    6.83297e+02

           Step           Time
              7        7.00000

   Energies (kJ/mol)
           Bond            U-B    Proper Dih.  Improper Dih.      CMAP Dih.
    1.68337e+04    6.19834e+03    5.63746e+03    5.63575e+02   -1.53215e+02
          LJ-14     Coulomb-14        LJ (SR)   Coulomb (SR)      Potential
    2.87026e+03    3.15843e+04   -3.82396e+03   -4.07698e+04    1.89407e+04
 Pressure (bar)
    6.82589e+02

           Step           Time
              8        8.00000

   Energies (kJ/mol)
           Bond            U-B    Proper Dih.  Improper Dih.      CMAP Dih.
    1.41002e+04    6.00112e+03    5.63116e+03    5.11455e+02   -1.58859e+02
          LJ-14     Coulomb-14        LJ (SR)   Coulomb (SR)      Potential
    2.87522e+03    3.15704e+04   -3.78784e+03   -4.07405e+04    1.60024e+04
 Pressure (bar)
    6.76490e+02

           Step           Time
              9        9.00000

   Energies (kJ/mol)
           Bond            U-B    Proper Dih.  Improper Dih.      CMAP Dih.
    1.14542e+04    5.79964e+03    5.62441e+03    4.60213e+02   -1.64446e+02
          LJ-14     Coulomb-14        LJ (SR)   Coulomb (SR)      Potential
    2.87907e+03    3.15570e+04   -3.75000e+03   -4.07126e+04    1.31474e+04
 Pressure (bar)
    6.61460e+02

           Step           Time
             10       10.00000

   Energies (kJ/mol)
           Bond            U-B    Proper Dih.  Improper Dih.      CMAP Dih.
    9.00783e+03    5.58922e+03    5.61720e+03    4.10938e+02   -1.69738e+02
          LJ-14     Coulomb-14        LJ (SR)   Coulomb (SR)      Potential
    2.88041e+03    3.15453e+04   -3.71389e+03   -4.06887e+04    1.04785e+04
 Pressure (bar)
    6.39647e+02

           Step           Time
             11       11.00000

   Energies (kJ/mol)
           Bond            U-B    Proper Dih.  Improper Dih.      CMAP Dih.
    6.85181e+03    5.35877e+03    5.60946e+03    3.64219e+02   -1.74536e+02
          LJ-14     Coulomb-14        LJ (SR)   Coulomb (SR)      Potential
    2.87723e+03    3.15365e+04   -3.68414e+03   -4.06712e+04    8.06802e+03
 Pressure (bar)
    6.07767e+02

           Step           Time
             12       12.00000

   Energies (kJ/mol)
           Bond            U-B    Proper Dih.  Improper Dih.      CMAP Dih.
    5.03811e+03    5.09115e+03    5.60098e+03    3.19877e+02   -1.78642e+02
          LJ-14     Coulomb-14        LJ (SR)   Coulomb (SR)      Potential
    2.86682e+03    3.15315e+04   -3.66546e+03   -4.06628e+04    5.94157e+03
 Pressure (bar)
    5.64329e+02

           Step           Time
             13       13.00000

   Energies (kJ/mol)
           Bond            U-B    Proper Dih.  Improper Dih.      CMAP Dih.
    3.57420e+03    4.76545e+03    5.59178e+03    2.76780e+02   -1.81907e+02
          LJ-14     Coulomb-14        LJ (SR)   Coulomb (SR)      Potential
    2.84591e+03    3.15312e+04   -3.66139e+03   -4.06648e+04    4.07720e+03
 Pressure (bar)
    5.11473e+02

           Step           Time
             14       14.00000

   Energies (kJ/mol)
           Bond            U-B    Proper Dih.  Improper Dih.      CMAP Dih.
    2.43403e+03    4.36321e+03    5.58190e+03    2.33019e+02   -1.84285e+02
          LJ-14     Coulomb-14        LJ (SR)   Coulomb (SR)      Potential
    2.81059e+03    3.15359e+04   -3.67396e+03   -4.06786e+04    2.42175e+03
 Pressure (bar)
    4.48191e+02

           Step           Time
             15       15.00000

   Energies (kJ/mol)
           Bond            U-B    Proper Dih.  Improper Dih.      CMAP Dih.
    1.57631e+03    3.87837e+03    5.57121e+03    1.87086e+02   -1.85753e+02
          LJ-14     Coulomb-14        LJ (SR)   Coulomb (SR)      Potential
    2.75644e+03    3.15453e+04   -3.70459e+03   -4.07043e+04    9.20098e+02
 Pressure (bar)
    3.74530e+02

           Step           Time
             16       16.00000

   Energies (kJ/mol)
           Bond            U-B    Proper Dih.  Improper Dih.      CMAP Dih.
    9.70750e+02    3.33529e+03    5.55871e+03    1.40312e+02   -1.86366e+02
          LJ-14     Coulomb-14        LJ (SR)   Coulomb (SR)      Potential
    2.67839e+03    3.15577e+04   -3.75449e+03   -4.07414e+04   -4.41098e+02
 Pressure (bar)
    2.89286e+02

           Step           Time
             17       17.00000

   Energies (kJ/mol)
           Bond            U-B    Proper Dih.  Improper Dih.      CMAP Dih.
    6.19766e+02    2.80588e+03    5.54332e+03    1.02363e+02   -1.86323e+02
          LJ-14     Coulomb-14        LJ (SR)   Coulomb (SR)      Potential
    2.56732e+03    3.15663e+04   -3.82666e+03   -4.07924e+04   -1.60038e+03
 Pressure (bar)
    1.89249e+02

           Step           Time
             18       18.00000

   Energies (kJ/mol)
           Bond            U-B    Proper Dih.  Improper Dih.      CMAP Dih.
    6.23801e+02    2.36550e+03    5.52074e+03    8.62041e+01   -1.85219e+02
          LJ-14     Coulomb-14        LJ (SR)   Coulomb (SR)      Potential
    2.38029e+03    3.15150e+04   -3.95020e+03   -4.08622e+04   -2.50605e+03
 Pressure (bar)
    6.05847e+01

           Step           Time
             19       19.00000

           Step           Time
             20       20.00000

           Step           Time
             21       21.00000

           Step           Time
             22       22.00000

   Energies (kJ/mol)
           Bond            U-B    Proper Dih.  Improper Dih.      CMAP Dih.
    6.18800e+02    2.32004e+03    5.51453e+03    8.89658e+01   -1.88337e+02
          LJ-14     Coulomb-14        LJ (SR)   Coulomb (SR)      Potential
    2.36883e+03    3.14926e+04   -3.96484e+03   -4.08646e+04   -2.61399e+03
 Pressure (bar)
    6.63991e+01

           Step           Time
             23       23.00000

           Step           Time
             24       24.00000

   Energies (kJ/mol)
           Bond            U-B    Proper Dih.  Improper Dih.      CMAP Dih.
    6.03549e+02    2.28608e+03    5.51206e+03    8.90554e+01   -1.89937e+02
          LJ-14     Coulomb-14        LJ (SR)   Coulomb (SR)      Potential
    2.36284e+03    3.14797e+04   -3.97633e+03   -4.08595e+04   -2.69252e+03
 Pressure (bar)
    7.04199e+01

           Step           Time
             25       25.00000

   Energies (kJ/mol)
           Bond            U-B    Proper Dih.  Improper Dih.      CMAP Dih.
    6.10840e+02    2.26659e+03    5.50777e+03    8.95893e+01   -1.91589e+02
          LJ-14     Coulomb-14        LJ (SR)   Coulomb (SR)      Potential
    2.35238e+03    3.14679e+04   -3.98614e+03   -4.08690e+04   -2.75167e+03
 Pressure (bar)
    7.06925e+01

           Step           Time
             26       26.00000

   Energies (kJ/mol)
           Bond            U-B    Proper Dih.  Improper Dih.      CMAP Dih.
    6.38997e+02    2.23441e+03    5.50537e+03    8.96761e+01   -1.93364e+02
          LJ-14     Coulomb-14        LJ (SR)   Coulomb (SR)      Potential
    2.34422e+03    3.14545e+04   -3.99726e+03   -4.08621e+04   -2.78554e+03
 Pressure (bar)
    7.48303e+01

           Step           Time
             27       27.00000

   Energies (kJ/mol)
           Bond            U-B    Proper Dih.  Improper Dih.      CMAP Dih.
    6.36291e+02    2.23096e+03    5.50216e+03    8.98212e+01   -1.94128e+02
          LJ-14     Coulomb-14        LJ (SR)   Coulomb (SR)      Potential
    2.33517e+03    3.14494e+04   -4.00390e+03   -4.08784e+04   -2.83264e+03
 Pressure (bar)
    7.04170e+01

           Step           Time
             28       28.00000

           Step           Time
             29       29.00000

   Energies (kJ/mol)
           Bond            U-B    Proper Dih.  Improper Dih.      CMAP Dih.
    5.86145e+02    2.20100e+03    5.50139e+03    8.95699e+01   -1.95132e+02
          LJ-14     Coulomb-14        LJ (SR)   Coulomb (SR)      Potential
    2.33153e+03    3.14437e+04   -4.00864e+03   -4.08730e+04   -2.92340e+03
 Pressure (bar)
    7.26805e+01

           Step           Time
             30       30.00000

   Energies (kJ/mol)
           Bond            U-B    Proper Dih.  Improper Dih.      CMAP Dih.
    5.89700e+02    2.18276e+03    5.49835e+03    8.95160e+01   -1.96412e+02
          LJ-14     Coulomb-14        LJ (SR)   Coulomb (SR)      Potential
    2.32088e+03    3.14350e+04   -4.01843e+03   -4.08821e+04   -2.98068e+03
 Pressure (bar)
    6.98839e+01

           Step           Time
             31       31.00000

   Energies (kJ/mol)
           Bond            U-B    Proper Dih.  Improper Dih.      CMAP Dih.
    6.24488e+02    2.15788e+03    5.49572e+03    8.90965e+01   -1.98409e+02
          LJ-14     Coulomb-14        LJ (SR)   Coulomb (SR)      Potential
    2.30914e+03    3.14232e+04   -4.02973e+03   -4.08818e+04   -3.01043e+03
 Pressure (bar)
    7.02589e+01

           Step           Time
             32       32.00000

   Energies (kJ/mol)
           Bond            U-B    Proper Dih.  Improper Dih.      CMAP Dih.
    6.37980e+02    2.15990e+03    5.49342e+03    8.93414e+01   -1.98543e+02
          LJ-14     Coulomb-14        LJ (SR)   Coulomb (SR)      Potential
    2.30122e+03    3.14198e+04   -4.03586e+03   -4.08988e+04   -3.03153e+03
 Pressure (bar)
    6.45817e+01

           Step           Time
             33       33.00000

   Energies (kJ/mol)
           Bond            U-B    Proper Dih.  Improper Dih.      CMAP Dih.
    6.63181e+02    2.13981e+03    5.49276e+03    8.88318e+01   -2.00305e+02
          LJ-14     Coulomb-14        LJ (SR)   Coulomb (SR)      Potential
    2.29563e+03    3.14121e+04   -4.04195e+03   -4.08890e+04   -3.03885e+03
 Pressure (bar)
    6.76707e+01

           Step           Time
             34       34.00000

   Energies (kJ/mol)
           Bond            U-B    Proper Dih.  Improper Dih.      CMAP Dih.
    6.89383e+02    2.14977e+03    5.49042e+03    8.91994e+01   -1.99837e+02
          LJ-14     Coulomb-14        LJ (SR)   Coulomb (SR)      Potential
    2.28795e+03    3.14099e+04   -4.04728e+03   -4.09111e+04   -3.04161e+03
 Pressure (bar)
    6.05785e+01

           Step           Time
             35       35.00000

           Step           Time
             36       36.00000

   Energies (kJ/mol)
           Bond            U-B    Proper Dih.  Improper Dih.      CMAP Dih.
    5.87504e+02    2.11271e+03    5.49029e+03    8.87056e+01   -2.01468e+02
          LJ-14     Coulomb-14        LJ (SR)   Coulomb (SR)      Potential
    2.28528e+03    3.14062e+04   -4.05043e+03   -4.09035e+04   -3.18464e+03
 Pressure (bar)
    6.40205e+01

           Step           Time
             37       37.00000

   Energies (kJ/mol)
           Bond            U-B    Proper Dih.  Improper Dih.      CMAP Dih.
    6.14385e+02    2.09734e+03    5.48721e+03    8.85955e+01   -2.03011e+02
          LJ-14     Coulomb-14        LJ (SR)   Coulomb (SR)      Potential
    2.26973e+03    3.13956e+04   -4.06337e+03   -4.09210e+04   -3.23452e+03
 Pressure (bar)
    5.92980e+01

           Step           Time
             38       38.00000

           Step           Time
             39       39.00000

   Energies (kJ/mol)
           Bond            U-B    Proper Dih.  Improper Dih.      CMAP Dih.
    5.95703e+02    2.08305e+03    5.48678e+03    8.82657e+01   -2.04212e+02
          LJ-14     Coulomb-14        LJ (SR)   Coulomb (SR)      Potential
    2.26619e+03    3.13922e+04   -4.06666e+03   -4.09176e+04   -3.27632e+03
 Pressure (bar)
    6.01808e+01

           Step           Time
             40       40.00000

   Energies (kJ/mol)
           Bond            U-B    Proper Dih.  Improper Dih.      CMAP Dih.
    6.30975e+02    2.08365e+03    5.48505e+03    8.84068e+01   -2.04484e+02
          LJ-14     Coulomb-14        LJ (SR)   Coulomb (SR)      Potential
    2.25775e+03    3.13869e+04   -4.07351e+03   -4.09329e+04   -3.27817e+03
 Pressure (bar)
    5.55998e+01

           Step           Time
             41       41.00000

   Energies (kJ/mol)
           Bond            U-B    Proper Dih.  Improper Dih.      CMAP Dih.
    6.10640e+02    2.06757e+03    5.48474e+03    8.80209e+01   -2.06028e+02
          LJ-14     Coulomb-14        LJ (SR)   Coulomb (SR)      Potential
    2.25427e+03    3.13836e+04   -4.07686e+03   -4.09273e+04   -3.32138e+03
 Pressure (bar)
    5.74125e+01

           Step           Time
             42       42.00000

           Step           Time
             43       43.00000

   Energies (kJ/mol)
           Bond            U-B    Proper Dih.  Improper Dih.      CMAP Dih.
    5.95462e+02    2.06261e+03    5.48397e+03    8.81164e+01   -2.06080e+02
          LJ-14     Coulomb-14        LJ (SR)   Coulomb (SR)      Potential
    2.25079e+03    3.13817e+04   -4.07964e+03   -4.09359e+04   -3.35906e+03
 Pressure (bar)
    5.44532e+01


Steepest Descents converged to Fmax < 750 in 44 steps
Potential Energy  = -3.3590586e+03
Maximum force     =  7.3924689e+02 on atom 206
Norm of force     =  1.0236395e+02
Finished mdrun on rank 0 Wed Sep  9 13:18:17 2020

